yarn add v1.22.22
[1/4] Resolving packages...
warning @solana/wallet-adapter-wallets > @solana/wallet-adapter-particle > @particle-network/solana-wallet > @particle-network/auth > @particle-network/analytics > uuidv4@6.2.13: Package no longer supported. Contact Support at https://www.npmjs.com/support for more info.
warning @solana/wallet-adapter-wallets > @solana/wallet-adapter-particle > @particle-network/solana-wallet > @particle-network/auth > @particle-network/crypto > uuidv4@6.2.13: Package no longer supported. Contact Support at https://www.npmjs.com/support for more info.
warning @solana/wallet-adapter-wallets > @solana/wallet-adapter-walletconnect > @walletconnect/solana-adapter > @walletconnect/universal-provider > @walletconnect/sign-client > @walletconnect/core > lodash.isequal@4.5.0: This package is deprecated. Use require('node:util').isDeepStrictEqual instead.
[2/4] Fetching packages...
warning require-addon@1.1.0: The engine "bare" appears to be invalid.
warning bare-os@3.6.1: The engine "bare" appears to be invalid.
[3/4] Linking dependencies...
warning "react-scripts > eslint-config-react-app > eslint-plugin-flowtype@8.0.3" has unmet peer dependency "@babel/plugin-syntax-flow@^7.14.5".
warning "react-scripts > eslint-config-react-app > eslint-plugin-flowtype@8.0.3" has unmet peer dependency "@babel/plugin-transform-react-jsx@^7.14.9".
warning "react-scripts > react-dev-utils > fork-ts-checker-webpack-plugin@6.5.3" has unmet peer dependency "typescript@>= 2.7".
warning "react-scripts > eslint-config-react-app > @typescript-eslint/eslint-plugin > tsutils@3.21.0" has unmet peer dependency "typescript@>=2.8.0 || >= 3.2.0-dev || >= 3.3.0-dev || >= 3.4.0-dev || >= 3.5.0-dev || >= 3.6.0-dev || >= 3.6.0-beta || >= 3.7.0-dev || >= 3.7.0-beta".
warning "@solana/web3.js > @solana/codecs-numbers@2.1.1" has unmet peer dependency "typescript@>=5.3.3".
warning "@solana/web3.js > @solana/codecs-numbers > @solana/errors@2.1.1" has unmet peer dependency "typescript@>=5.3.3".
warning "@solana/web3.js > @solana/codecs-numbers > @solana/codecs-core@2.1.1" has unmet peer dependency "typescript@>=5.3.3".
warning "@solana/wallet-adapter-react > @solana/wallet-standard-wallet-adapter-react > @solana/wallet-standard-wallet-adapter-base@1.1.4" has unmet peer dependency "bs58@^6.0.0".
warning "@solana/wallet-adapter-react > @solana-mobile/wallet-adapter-mobile > @react-native-async-storage/async-storage@1.24.0" has unmet peer dependency "react-native@^0.0.0-0 || >=0.60 <1.0".
warning "@solana/wallet-adapter-react > @solana-mobile/wallet-adapter-mobile > @solana-mobile/mobile-wallet-adapter-protocol-web3js > @solana-mobile/mobile-wallet-adapter-protocol@2.2.2" has unmet peer dependency "react-native@>0.69".
warning "@solana/wallet-adapter-wallets > @solana/wallet-adapter-particle > @particle-network/solana-wallet@1.3.2" has unmet peer dependency "bs58@^4.0.1".
warning "@solana/wallet-adapter-wallets > @solana/wallet-adapter-torus > @toruslabs/solana-embed@2.1.0" has unmet peer dependency "@babel/runtime@7.x".
warning "@solana/wallet-adapter-wallets > @solana/wallet-adapter-trezor > @trezor/connect-web@9.6.0" has unmet peer dependency "tslib@^2.6.2".
warning "@solana/wallet-adapter-wallets > @solana/wallet-adapter-fractal > @fractalwagmi/solana-wallet-adapter > @fractalwagmi/popup-connection@1.1.1" has incorrect peer dependency "react@^17.0.2 || ^18".
warning "@solana/wallet-adapter-wallets > @solana/wallet-adapter-fractal > @fractalwagmi/solana-wallet-adapter > @fractalwagmi/popup-connection@1.1.1" has incorrect peer dependency "react-dom@^17.0.2 || ^18".
warning "@solana/wallet-adapter-wallets > @solana/wallet-adapter-torus > @toruslabs/solana-embed > @toruslabs/http-helpers@6.1.1" has unmet peer dependency "@babel/runtime@^7.x".
warning "@solana/wallet-adapter-wallets > @solana/wallet-adapter-torus > @toruslabs/solana-embed > @toruslabs/openlogin-jrpc@8.3.0" has unmet peer dependency "@babel/runtime@7.x".
warning "@solana/wallet-adapter-wallets > @solana/wallet-adapter-torus > @toruslabs/solana-embed > @toruslabs/base-controllers@5.11.0" has unmet peer dependency "@babel/runtime@7.x".
warning "@solana/wallet-adapter-wallets > @solana/wallet-adapter-trezor > @trezor/connect-web > @trezor/connect-common@0.4.0" has unmet peer dependency "tslib@^2.6.2".
warning "@solana/wallet-adapter-wallets > @solana/wallet-adapter-trezor > @trezor/connect-web > @trezor/connect@9.6.0" has unmet peer dependency "tslib@^2.6.2".
warning "@solana/wallet-adapter-wallets > @solana/wallet-adapter-trezor > @trezor/connect-web > @trezor/utils@9.4.0" has unmet peer dependency "tslib@^2.6.2".
warning "@solana/wallet-adapter-wallets > @solana/wallet-adapter-keystone > @keystonehq/sol-keyring > @keystonehq/sdk > react-qr-reader@2.2.1" has incorrect peer dependency "react@~16".
warning "@solana/wallet-adapter-wallets > @solana/wallet-adapter-keystone > @keystonehq/sol-keyring > @keystonehq/sdk > react-qr-reader@2.2.1" has incorrect peer dependency "react-dom@~16".
warning "@solana/wallet-adapter-wallets > @solana/wallet-adapter-keystone > @keystonehq/sol-keyring > @keystonehq/sdk > qrcode.react@1.0.1" has incorrect peer dependency "react@^15.5.3 || ^16.0.0 || ^17.0.0".
warning "@solana/wallet-adapter-wallets > @solana/wallet-adapter-trezor > @trezor/connect-web > @trezor/connect-common > @trezor/env-utils@1.4.0" has unmet peer dependency "tslib@^2.6.2".
warning "@solana/wallet-adapter-wallets > @solana/wallet-adapter-torus > @toruslabs/solana-embed > @toruslabs/base-controllers > @toruslabs/openlogin-utils@8.2.1" has unmet peer dependency "@babel/runtime@7.x".
warning "@solana/wallet-adapter-wallets > @solana/wallet-adapter-trezor > @trezor/connect-web > @trezor/connect > @solana/kit@2.1.1" has unmet peer dependency "typescript@>=5.3.3".
warning "@solana/wallet-adapter-wallets > @solana/wallet-adapter-trezor > @trezor/connect-web > @trezor/connect > @trezor/transport@1.5.0" has unmet peer dependency "tslib@^2.6.2".
warning "@solana/wallet-adapter-wallets > @solana/wallet-adapter-trezor > @trezor/connect-web > @trezor/connect > @trezor/schema-utils@1.3.3" has unmet peer dependency "tslib@^2.6.2".
warning "@solana/wallet-adapter-wallets > @solana/wallet-adapter-trezor > @trezor/connect-web > @trezor/connect > @trezor/protobuf@1.4.0" has unmet peer dependency "tslib@^2.6.2".
warning "@solana/wallet-adapter-wallets > @solana/wallet-adapter-trezor > @trezor/connect-web > @trezor/connect > @trezor/utxo-lib@2.4.0" has unmet peer dependency "tslib@^2.6.2".
warning "@solana/wallet-adapter-wallets > @solana/wallet-adapter-trezor > @trezor/connect-web > @trezor/connect > @trezor/connect-analytics@1.3.3" has unmet peer dependency "tslib@^2.6.2".
warning "@solana/wallet-adapter-wallets > @solana/wallet-adapter-trezor > @trezor/connect-web > @trezor/connect > @trezor/crypto-utils@1.1.3" has unmet peer dependency "tslib@^2.6.2".
warning "@solana/wallet-adapter-wallets > @solana/wallet-adapter-trezor > @trezor/connect-web > @trezor/connect > @solana-program/token-2022@0.4.2" has unmet peer dependency "@solana/sysvars@^2.1.0".
warning "@solana/wallet-adapter-wallets > @solana/wallet-adapter-trezor > @trezor/connect-web > @trezor/connect > @trezor/protocol@1.2.6" has unmet peer dependency "tslib@^2.6.2".
warning "@solana/wallet-adapter-wallets > @solana/wallet-adapter-trezor > @trezor/connect-web > @trezor/connect > @trezor/blockchain-link-utils@1.4.0" has unmet peer dependency "tslib@^2.6.2".
warning "@solana/wallet-adapter-wallets > @solana/wallet-adapter-trezor > @trezor/connect-web > @trezor/connect > @trezor/blockchain-link-types@1.4.0" has unmet peer dependency "tslib@^2.6.2".
warning "@solana/wallet-adapter-wallets > @solana/wallet-adapter-trezor > @trezor/connect-web > @trezor/connect > @trezor/blockchain-link@2.5.0" has unmet peer dependency "tslib@^2.6.2".
warning "@solana/wallet-adapter-wallets > @solana/wallet-adapter-torus > @toruslabs/solana-embed > @toruslabs/base-controllers > @toruslabs/openlogin-utils > @toruslabs/constants@13.4.0" has unmet peer dependency "@babel/runtime@7.x".
warning "@solana/wallet-adapter-wallets > @solana/wallet-adapter-trezor > @trezor/connect-web > @trezor/connect > @solana/kit > @solana/programs@2.1.1" has unmet peer dependency "typescript@>=5.3.3".
warning "@solana/wallet-adapter-wallets > @solana/wallet-adapter-trezor > @trezor/connect-web > @trezor/connect > @solana/kit > @solana/sysvars@2.1.1" has unmet peer dependency "typescript@>=5.3.3".
warning "@solana/wallet-adapter-wallets > @solana/wallet-adapter-trezor > @trezor/connect-web > @trezor/connect > @solana/kit > @solana/codecs@2.1.1" has unmet peer dependency "typescript@>=5.3.3".
warning "@solana/wallet-adapter-wallets > @solana/wallet-adapter-trezor > @trezor/connect-web > @trezor/connect > @solana/kit > @solana/addresses@2.1.1" has unmet peer dependency "typescript@>=5.3.3".
warning "@solana/wallet-adapter-wallets > @solana/wallet-adapter-trezor > @trezor/connect-web > @trezor/connect > @solana/kit > @solana/rpc@2.1.1" has unmet peer dependency "typescript@>=5.3.3".
warning "@solana/wallet-adapter-wallets > @solana/wallet-adapter-trezor > @trezor/connect-web > @trezor/connect > @solana/kit > @solana/rpc-types@2.1.1" has unmet peer dependency "typescript@>=5.3.3".
warning "@solana/wallet-adapter-wallets > @solana/wallet-adapter-trezor > @trezor/connect-web > @trezor/connect > @solana/kit > @solana/functional@2.1.1" has unmet peer dependency "typescript@>=5.3.3".
warning "@solana/wallet-adapter-wallets > @solana/wallet-adapter-trezor > @trezor/connect-web > @trezor/connect > @solana/kit > @solana/keys@2.1.1" has unmet peer dependency "typescript@>=5.3.3".
warning "@solana/wallet-adapter-wallets > @solana/wallet-adapter-trezor > @trezor/connect-web > @trezor/connect > @solana/kit > @solana/rpc-spec-types@2.1.1" has unmet peer dependency "typescript@>=5.3.3".
warning "@solana/wallet-adapter-wallets > @solana/wallet-adapter-trezor > @trezor/connect-web > @trezor/connect > @solana/kit > @solana/accounts@2.1.1" has unmet peer dependency "typescript@>=5.3.3".
warning "@solana/wallet-adapter-wallets > @solana/wallet-adapter-trezor > @trezor/connect-web > @trezor/connect > @solana/kit > @solana/signers@2.1.1" has unmet peer dependency "typescript@>=5.3.3".
warning "@solana/wallet-adapter-wallets > @solana/wallet-adapter-trezor > @trezor/connect-web > @trezor/connect > @solana/kit > @solana/instructions@2.1.1" has unmet peer dependency "typescript@>=5.3.3".
warning "@solana/wallet-adapter-wallets > @solana/wallet-adapter-trezor > @trezor/connect-web > @trezor/connect > @solana/kit > @solana/rpc-parsed-types@2.1.1" has unmet peer dependency "typescript@>=5.3.3".
warning "@solana/wallet-adapter-wallets > @solana/wallet-adapter-trezor > @trezor/connect-web > @trezor/connect > @solana/kit > @solana/transactions@2.1.1" has unmet peer dependency "typescript@>=5.3.3".
warning "@solana/wallet-adapter-wallets > @solana/wallet-adapter-trezor > @trezor/connect-web > @trezor/connect > @solana/kit > @solana/transaction-messages@2.1.1" has unmet peer dependency "typescript@>=5.3.3".
warning "@solana/wallet-adapter-wallets > @solana/wallet-adapter-trezor > @trezor/connect-web > @trezor/connect > @trezor/connect-analytics > @trezor/analytics@1.3.5" has unmet peer dependency "tslib@^2.6.2".
warning "@solana/wallet-adapter-wallets > @solana/wallet-adapter-trezor > @trezor/connect-web > @trezor/connect > @trezor/connect-analytics > @trezor/analytics > @trezor/utils@9.3.5" has unmet peer dependency "tslib@^2.6.2".
warning "@solana/wallet-adapter-wallets > @solana/wallet-adapter-trezor > @trezor/connect-web > @trezor/connect > @trezor/connect-analytics > @trezor/analytics > @trezor/env-utils@1.3.4" has unmet peer dependency "tslib@^2.6.2".
warning "@solana/wallet-adapter-wallets > @solana/wallet-adapter-trezor > @trezor/connect-web > @trezor/connect > @solana/kit > @solana/rpc-subscriptions@2.1.1" has unmet peer dependency "typescript@>=5.3.3".
warning "@solana/wallet-adapter-wallets > @solana/wallet-adapter-trezor > @trezor/connect-web > @trezor/connect > @solana/kit > @solana/transaction-confirmation@2.1.1" has unmet peer dependency "typescript@>=5.3.3".
warning "@solana/wallet-adapter-wallets > @solana/wallet-adapter-trezor > @trezor/connect-web > @trezor/connect > @trezor/blockchain-link > @trezor/websocket-client@1.2.0" has unmet peer dependency "tslib@^2.6.2".
warning "@solana/wallet-adapter-wallets > @solana/wallet-adapter-walletconnect > @walletconnect/solana-adapter > @reown/appkit > valtio > use-sync-external-store@1.2.0" has incorrect peer dependency "react@^16.8.0 || ^17.0.0 || ^18.0.0".
warning "@solana/wallet-adapter-wallets > @solana/wallet-adapter-trezor > @trezor/connect-web > @trezor/connect > @solana/kit > @solana/addresses > @solana/nominal-types@2.1.1" has unmet peer dependency "typescript@>=5.3.3".
warning "@solana/wallet-adapter-wallets > @solana/wallet-adapter-trezor > @trezor/connect-web > @trezor/connect > @solana/kit > @solana/codecs > @solana/options@2.1.1" has unmet peer dependency "typescript@>=5.3.3".
warning "@solana/wallet-adapter-wallets > @solana/wallet-adapter-trezor > @trezor/connect-web > @trezor/connect > @solana/kit > @solana/codecs > @solana/codecs-data-structures@2.1.1" has unmet peer dependency "typescript@>=5.3.3".
warning "@solana/wallet-adapter-wallets > @solana/wallet-adapter-trezor > @trezor/connect-web > @trezor/connect > @solana/kit > @solana/addresses > @solana/assertions@2.1.1" has unmet peer dependency "typescript@>=5.3.3".
warning "@solana/wallet-adapter-wallets > @solana/wallet-adapter-trezor > @trezor/connect-web > @trezor/connect > @solana/kit > @solana/codecs > @solana/codecs-strings@2.1.1" has unmet peer dependency "fastestsmallesttextencoderdecoder@^1.0.22".
warning "@solana/wallet-adapter-wallets > @solana/wallet-adapter-trezor > @trezor/connect-web > @trezor/connect > @solana/kit > @solana/codecs > @solana/codecs-strings@2.1.1" has unmet peer dependency "typescript@>=5.3.3".
warning "@solana/wallet-adapter-wallets > @solana/wallet-adapter-trezor > @trezor/connect-web > @trezor/connect > @solana/kit > @solana/rpc > @solana/rpc-spec@2.1.1" has unmet peer dependency "typescript@>=5.3.3".
warning "@solana/wallet-adapter-wallets > @solana/wallet-adapter-trezor > @trezor/connect-web > @trezor/connect > @solana/kit > @solana/rpc > @solana/rpc-transport-http@2.1.1" has unmet peer dependency "typescript@>=5.3.3".
warning "@solana/wallet-adapter-wallets > @solana/wallet-adapter-trezor > @trezor/connect-web > @trezor/connect > @solana/kit > @solana/rpc > @solana/rpc-transformers@2.1.1" has unmet peer dependency "typescript@>=5.3.3".
warning "@solana/wallet-adapter-wallets > @solana/wallet-adapter-trezor > @trezor/connect-web > @trezor/connect > @solana/kit > @solana/rpc > @solana/fast-stable-stringify@2.1.1" has unmet peer dependency "typescript@>=5.3.3".
warning "@solana/wallet-adapter-wallets > @solana/wallet-adapter-trezor > @trezor/connect-web > @trezor/connect > @solana/kit > @solana/rpc > @solana/rpc-api@2.1.1" has unmet peer dependency "typescript@>=5.3.3".
warning "@solana/wallet-adapter-wallets > @solana/wallet-adapter-trezor > @trezor/connect-web > @trezor/connect > @solana/kit > @solana/rpc-subscriptions > @solana/rpc-subscriptions-channel-websocket@2.1.1" has unmet peer dependency "typescript@>=5.3.3".
warning "@solana/wallet-adapter-wallets > @solana/wallet-adapter-trezor > @trezor/connect-web > @trezor/connect > @solana/kit > @solana/rpc-subscriptions > @solana/rpc-subscriptions-channel-websocket@2.1.1" has unmet peer dependency "ws@^8.18.0".
warning "@solana/wallet-adapter-wallets > @solana/wallet-adapter-trezor > @trezor/connect-web > @trezor/connect > @solana/kit > @solana/rpc-subscriptions > @solana/rpc-subscriptions-spec@2.1.1" has unmet peer dependency "typescript@>=5.3.3".
warning "@solana/wallet-adapter-wallets > @solana/wallet-adapter-trezor > @trezor/connect-web > @trezor/connect > @solana/kit > @solana/rpc-subscriptions > @solana/rpc-subscriptions-api@2.1.1" has unmet peer dependency "typescript@>=5.3.3".
warning "@solana/wallet-adapter-wallets > @solana/wallet-adapter-trezor > @trezor/connect-web > @trezor/connect > @solana/kit > @solana/rpc-subscriptions > @solana/promises@2.1.1" has unmet peer dependency "typescript@>=5.3.3".
warning "@solana/wallet-adapter-wallets > @solana/wallet-adapter-trezor > @trezor/connect-web > @trezor/connect > @solana/kit > @solana/rpc-subscriptions > @solana/subscribable@2.1.1" has unmet peer dependency "typescript@>=5.3.3".
warning "@solana/spl-token > @solana/spl-token-metadata > @solana/codecs@2.0.0-rc.1" has unmet peer dependency "typescript@>=5".
warning "@solana/spl-token > @solana/spl-token-metadata > @solana/codecs > @solana/options@2.0.0-rc.1" has unmet peer dependency "typescript@>=5".
warning "@solana/spl-token > @solana/spl-token-metadata > @solana/codecs > @solana/codecs-core@2.0.0-rc.1" has unmet peer dependency "typescript@>=5".
warning "@solana/spl-token > @solana/spl-token-metadata > @solana/codecs > @solana/codecs-numbers@2.0.0-rc.1" has unmet peer dependency "typescript@>=5".
warning "@solana/spl-token > @solana/spl-token-metadata > @solana/codecs > @solana/codecs-strings@2.0.0-rc.1" has unmet peer dependency "fastestsmallesttextencoderdecoder@^1.0.22".
warning "@solana/spl-token > @solana/spl-token-metadata > @solana/codecs > @solana/codecs-strings@2.0.0-rc.1" has unmet peer dependency "typescript@>=5".
warning "@solana/spl-token > @solana/spl-token-metadata > @solana/codecs > @solana/codecs-data-structures@2.0.0-rc.1" has unmet peer dependency "typescript@>=5".
warning "@solana/spl-token > @solana/spl-token-metadata > @solana/codecs > @solana/options > @solana/errors@2.0.0-rc.1" has unmet peer dependency "typescript@>=5".
warning Workspaces can only be enabled in private projects.
warning Workspaces can only be enabled in private projects.
[4/4] Building fresh packages...
success Saved lockfile.
warning Workspaces can only be enabled in private projects.
warning Workspaces can only be enabled in private projects.
success Saved 325 new dependencies.
info Direct dependencies
├─ @solana/spl-token@0.4.13
├─ @solana/wallet-adapter-base@0.9.27
├─ @solana/wallet-adapter-react-ui@0.9.39
├─ @solana/wallet-adapter-wallets@0.19.37
└─ @solana/web3.js@1.98.2
info All dependencies
├─ @adraffy/ens-normalize@1.11.0
├─ @emurgo/cardano-serialization-lib-browser@13.2.1
├─ @emurgo/cardano-serialization-lib-nodejs@13.2.0
├─ @ethereumjs/tx@10.0.0
├─ @fivebinaries/coin-selection@3.0.0
├─ @fractalwagmi/popup-connection@1.1.1
├─ @fractalwagmi/solana-wallet-adapter@0.1.1
├─ @keystonehq/alias-sampling@0.1.2
├─ @keystonehq/bc-ur-registry-sol@0.9.5
├─ @keystonehq/bc-ur-registry@0.5.4
├─ @keystonehq/sdk@0.19.2
├─ @keystonehq/sol-keyring@0.20.0
├─ @ledgerhq/hw-transport-webhid@6.30.2
├─ @ledgerhq/hw-transport@6.31.6
├─ @lit/reactive-element@2.1.0
├─ @ngraveio/bc-ur@1.1.13
├─ @noble/curves@1.9.2
├─ @noble/hashes@1.8.0
├─ @particle-network/analytics@1.0.2
├─ @particle-network/auth@1.3.1
├─ @particle-network/chains@1.8.3
├─ @particle-network/crypto@1.0.1
├─ @particle-network/solana-wallet@1.3.2
├─ @project-serum/sol-wallet-adapter@0.2.6
├─ @protobufjs/aspromise@1.1.2
├─ @protobufjs/base64@1.1.2
├─ @protobufjs/codegen@2.0.4
├─ @protobufjs/eventemitter@1.1.0
├─ @protobufjs/fetch@1.1.0
├─ @protobufjs/float@1.0.2
├─ @protobufjs/path@1.1.2
├─ @protobufjs/pool@1.1.0
├─ @protobufjs/utf8@1.1.0
├─ @react-native-async-storage/async-storage@1.24.0
├─ @reown/appkit-scaffold-ui@1.7.2
├─ @reown/appkit@1.7.2
├─ @scure/base@1.2.6
├─ @scure/bip32@1.7.0
├─ @scure/bip39@1.6.0
├─ @solana-mobile/mobile-wallet-adapter-protocol@2.2.2
├─ @solana-mobile/wallet-adapter-mobile@2.2.2
├─ @solana-mobile/wallet-standard-mobile@0.2.0
├─ @solana-program/compute-budget@0.7.0
├─ @solana-program/stake@0.2.1
├─ @solana-program/system@0.7.0
├─ @solana/buffer-layout-utils@0.2.0
├─ @solana/options@2.0.0-rc.1
├─ @solana/programs@2.1.1
├─ @solana/rpc-api@2.1.1
├─ @solana/rpc-subscriptions-api@2.1.1
├─ @solana/rpc-subscriptions-channel-websocket@2.1.1
├─ @solana/rpc-transport-http@2.1.1
├─ @solana/signers@2.1.1
├─ @solana/spl-token-group@0.0.7
├─ @solana/spl-token-metadata@0.1.6
├─ @solana/spl-token@0.4.13
├─ @solana/sysvars@2.1.1
├─ @solana/transaction-confirmation@2.1.1
├─ @solana/wallet-adapter-alpha@0.1.14
├─ @solana/wallet-adapter-avana@0.1.17
├─ @solana/wallet-adapter-base-ui@0.1.6
├─ @solana/wallet-adapter-base@0.9.27
├─ @solana/wallet-adapter-bitkeep@0.3.24
├─ @solana/wallet-adapter-bitpie@0.5.22
├─ @solana/wallet-adapter-clover@0.4.23
├─ @solana/wallet-adapter-coin98@0.5.24
├─ @solana/wallet-adapter-coinbase@0.1.23
├─ @solana/wallet-adapter-coinhub@0.3.22
├─ @solana/wallet-adapter-fractal@0.1.12
├─ @solana/wallet-adapter-huobi@0.1.19
├─ @solana/wallet-adapter-hyperpay@0.1.18
├─ @solana/wallet-adapter-keystone@0.1.19
├─ @solana/wallet-adapter-krystal@0.1.16
├─ @solana/wallet-adapter-ledger@0.9.29
├─ @solana/wallet-adapter-mathwallet@0.9.22
├─ @solana/wallet-adapter-neko@0.2.16
├─ @solana/wallet-adapter-nightly@0.1.20
├─ @solana/wallet-adapter-nufi@0.1.21
├─ @solana/wallet-adapter-onto@0.1.11
├─ @solana/wallet-adapter-particle@0.1.16
├─ @solana/wallet-adapter-phantom@0.9.28
├─ @solana/wallet-adapter-react-ui@0.9.39
├─ @solana/wallet-adapter-safepal@0.5.22
├─ @solana/wallet-adapter-saifu@0.1.19
├─ @solana/wallet-adapter-salmon@0.1.18
├─ @solana/wallet-adapter-sky@0.1.19
├─ @solana/wallet-adapter-solflare@0.6.32
├─ @solana/wallet-adapter-solong@0.9.22
├─ @solana/wallet-adapter-spot@0.1.19
├─ @solana/wallet-adapter-tokenary@0.1.16
├─ @solana/wallet-adapter-tokenpocket@0.4.23
├─ @solana/wallet-adapter-torus@0.11.32
├─ @solana/wallet-adapter-trezor@0.1.6
├─ @solana/wallet-adapter-trust@0.1.17
├─ @solana/wallet-adapter-unsafe-burner@0.1.11
├─ @solana/wallet-adapter-walletconnect@0.1.21
├─ @solana/wallet-adapter-wallets@0.19.37
├─ @solana/wallet-adapter-xdefi@0.1.11
├─ @solana/wallet-standard-core@1.1.2
├─ @solana/wallet-standard-wallet-adapter@1.1.4
├─ @solana/wallet-standard@1.1.4
├─ @solana/web3.js@1.98.2
├─ @solflare-wallet/metamask-sdk@1.0.3
├─ @solflare-wallet/sdk@1.4.2
├─ @stellar/js-xdr@3.1.2
├─ @stellar/stellar-base@13.1.0
├─ @swc/helpers@0.5.17
├─ @toruslabs/base-controllers@5.11.0
├─ @toruslabs/broadcast-channel@10.0.2
├─ @toruslabs/constants@13.4.0
├─ @toruslabs/http-helpers@6.1.1
├─ @toruslabs/openlogin-jrpc@8.3.0
├─ @toruslabs/openlogin-utils@8.2.1
├─ @toruslabs/solana-embed@2.1.0
├─ @trezor/analytics@1.3.5
├─ @trezor/blockchain-link@2.5.0
├─ @trezor/connect-analytics@1.3.3
├─ @trezor/connect-web@9.6.0
├─ @trezor/connect@9.6.0
├─ @trezor/crypto-utils@1.1.3
├─ @trezor/device-utils@1.1.0
├─ @trezor/transport@1.5.0
├─ @trezor/type-utils@1.1.6
├─ @trezor/websocket-client@1.2.0
├─ @types/node-fetch@2.6.12
├─ @types/uuid@8.3.4
├─ @types/w3c-web-usb@1.0.10
├─ @types/web@0.0.197
├─ @types/ws@7.4.7
├─ @wallet-standard/core@1.1.1
├─ @wallet-standard/errors@0.1.1
├─ @walletconnect/core@2.19.1
├─ @walletconnect/environment@1.0.1
├─ @walletconnect/events@1.0.1
├─ @walletconnect/sign-client@2.19.1
├─ @walletconnect/solana-adapter@0.0.8
├─ @xrplf/secret-numbers@1.0.0
├─ abitype@1.0.8
├─ abort-controller@3.0.0
├─ agentkeepalive@4.6.0
├─ asn1.js@4.10.1
├─ assert@2.1.0
├─ async-mutex@0.5.0
├─ bare-addon-resolve@1.9.4
├─ bare-module-resolve@1.11.1
├─ bare-os@3.6.1
├─ bare-path@3.0.0
├─ bare-url@2.1.6
├─ base-x@5.0.1
├─ base32.js@0.1.0
├─ base64url@3.0.1
├─ bchaddrjs@0.5.2
├─ bech32@2.0.0
├─ big-integer@1.6.36
├─ bigint-buffer@1.1.5
├─ bip66@2.0.0
├─ bitcoin-ops@1.4.1
├─ blake-hash@2.0.0
├─ bn.js@4.12.2
├─ borsh@0.7.0
├─ bowser@2.11.0
├─ brorand@1.1.0
├─ browserify-aes@1.2.0
├─ browserify-cipher@1.0.1
├─ browserify-des@1.0.2
├─ browserify-rsa@4.1.1
├─ browserify-sign@4.2.3
├─ bs58check@2.1.2
├─ buffer-xor@1.0.3
├─ bufferutil@4.0.9
├─ cashaddrjs@0.4.4
├─ cbor-sync@1.0.4
├─ cipher-base@1.0.6
├─ cliui@6.0.0
├─ color-string@1.9.1
├─ color@4.2.3
├─ cookie-es@1.2.2
├─ crc@3.8.0
├─ create-ecdh@4.0.4
├─ crossws@0.3.5
├─ crypto-browserify@3.12.1
├─ crypto-js@4.2.0
├─ dayjs@1.11.13
├─ decode-uri-component@0.2.2
├─ defu@6.1.4
├─ delay@5.0.0
├─ derive-valtio@0.1.0
├─ des.js@1.1.0
├─ detect-europe-js@0.1.2
├─ diffie-hellman@5.0.3
├─ draggabilly@3.0.0
├─ duplexify@4.1.3
├─ elliptic@6.6.1
├─ encode-utf8@1.0.3
├─ end-of-stream@1.4.4
├─ engine.io-client@6.6.3
├─ engine.io-parser@5.2.3
├─ es6-promise@4.2.8
├─ es6-promisify@5.0.0
├─ eth-rpc-errors@4.0.3
├─ ethereum-cryptography@2.2.1
├─ ev-emitter@2.1.2
├─ event-target-shim@5.0.1
├─ eventsource@2.0.2
├─ exenv@1.2.2
├─ eyes@0.1.8
├─ fast-redact@3.5.0
├─ fast-safe-stringify@2.1.1
├─ fast-stable-stringify@1.0.0
├─ feaxios@0.0.23
├─ file-uri-to-path@1.0.0
├─ filter-obj@1.1.0
├─ get-size@3.0.0
├─ h3@1.15.3
├─ hash.js@1.1.7
├─ hmac-drbg@1.0.1
├─ humanize-ms@1.2.1
├─ idb-keyval@6.2.2
├─ ieee754@1.2.1
├─ int64-buffer@1.1.0
├─ ip-address@9.0.5
├─ iron-webcrypto@1.2.1
├─ is-arguments@1.2.0
├─ is-generator-function@1.1.0
├─ is-nan@1.3.2
├─ is-retry-allowed@3.0.0
├─ is-standalone-pwa@0.1.1
├─ isomorphic-ws@4.0.1
├─ isows@1.0.7
├─ jayson@4.2.0
├─ jsbi@3.2.5
├─ jsbn@1.1.0
├─ json-stable-stringify@1.3.0
├─ json-stringify-safe@5.0.1
├─ jsonify@0.0.1
├─ jsqr@1.4.0
├─ jwt-decode@4.0.0
├─ lit-element@4.2.0
├─ lit-html@3.3.0
├─ lodash-es@4.17.21
├─ lodash.isequal@4.5.0
├─ long@5.2.5
├─ merge-options@3.0.4
├─ miller-rabin@4.0.1
├─ nan@2.22.2
├─ node-addon-api@3.2.1
├─ node-fetch-native@1.6.6
├─ node-gyp-build@4.8.4
├─ node-mock-http@1.0.0
├─ object-is@1.1.6
├─ oblivious-set@1.4.0
├─ ofetch@1.4.1
├─ on-exit-leak-free@0.2.0
├─ ox@0.8.1
├─ parse-asn1@5.1.7
├─ pino-abstract-transport@0.5.0
├─ pino-std-serializers@4.0.0
├─ pino@7.11.0
├─ process-warning@1.0.0
├─ protobufjs@7.4.0
├─ proxy-compare@2.6.0
├─ public-encrypt@4.0.3
├─ pushdata-bitcoin@1.0.1
├─ qr.js@0.0.0
├─ qrcode.react@1.0.1
├─ qrcode@1.5.4
├─ quick-format-unescaped@4.0.4
├─ radix3@1.1.2
├─ randomfill@1.0.4
├─ react-lifecycles-compat@3.0.4
├─ react-modal@3.16.3
├─ react-qr-reader@2.2.1
├─ require-addon@1.1.0
├─ require-main-filename@2.0.0
├─ ripple-binary-codec@2.4.0
├─ rpc-websockets@9.1.1
├─ rtcpeerconnection-shim@1.2.15
├─ rxjs@7.8.2
├─ safe-stable-stringify@2.5.0
├─ salmon-adapter-sdk@1.1.1
├─ sdp@2.12.0
├─ set-blocking@2.0.0
├─ sha.js@2.4.11
├─ simple-swizzle@0.2.2
├─ smart-buffer@4.2.0
├─ socket.io-client@4.8.1
├─ socket.io-parser@4.2.4
├─ socks-proxy-agent@8.0.5
├─ socks@2.8.5
├─ sodium-native@4.3.3
├─ sonic-boom@2.8.0
├─ split-on-first@1.1.0
├─ split2@4.2.0
├─ stream-chain@2.2.5
├─ stream-json@1.9.1
├─ stream-shift@1.0.3
├─ strict-uri-encode@2.0.0
├─ superstruct@2.0.2
├─ text-encoding-utf-8@1.0.2
├─ thread-stream@0.15.2
├─ tiny-secp256k1@1.1.7
├─ toml@3.0.0
├─ ts-mixer@6.0.4
├─ tweetnacl@1.0.3
├─ typeforce@1.18.0
├─ ua-is-frozen@0.1.2
├─ uint8array-tools@0.0.8
├─ unidragger@3.0.1
├─ unload@2.4.1
├─ unstorage@1.16.0
├─ urijs@1.19.11
├─ usb@2.15.0
├─ use-sync-external-store@1.2.0
├─ utf-8-validate@5.0.10
├─ util@0.12.5
├─ varuint-bitcoin@2.0.0
├─ warning@4.0.3
├─ webrtc-adapter@7.7.1
├─ which-module@2.0.1
├─ wif@5.0.0
├─ wrap-ansi@6.2.0
├─ xmlhttprequest-ssl@2.1.2
├─ y18n@4.0.3
├─ yargs-parser@18.1.3
└─ zod@3.22.4
Done in 95.31s.
